<?xml version="1.0" encoding="UTF-8"?>
<testsuite name="Tests" tests="11" skipped="0" failures="0" errors="0" timestamp="2020-02-10T09:16:28" hostname="a483e78bac58.ant.amazon.com" time="21.032">
  <properties/>
  <testcase name="loadPage" classname="Tests" time="0.212"/>
  <testcase name="loginTest" classname="Tests" time="5.63"/>
  <testcase name="clickOption[0](//*[@id=&quot;kibana-app&quot;]/div[4]/div/div/div/div/div/span[3]/footer/button/span/span, XPATH)" classname="Tests" time="0.856"/>
  <testcase name="verifyPanelElement[0](/html/body/div[1]/div/div[2]/div[2]/div[1]/div/ul[3]/li[1]/span/a, XPATH, //*[@id=&quot;createIndexPatternReact&quot;]/div[1]/div[1]/h1, XPATH, Discover Option)" classname="Tests" time="1.529"/>
  <testcase name="verifyPanelElement[1](/html/body/div[1]/div/div[2]/div[2]/div[1]/div/ul[3]/li[2]/span/a, XPATH, //*[@id=&quot;createIndexPatternReact&quot;]/div[1]/div[1]/h1, XPATH, Visualize Option)" classname="Tests" time="0.05"/>
  <testcase name="verifyPanelElement[2](/html/body/div[1]/div/div[2]/div[2]/div[1]/div/ul[3]/li[4]/span/a, XPATH, //*[@id=&quot;kibana-body&quot;]/div/div[3]/div/div[3]/div/div[2]/div/div/div[1]/div[1]/h3, XPATH, Index Management Option)" classname="Tests" time="2.35"/>
  <testcase name="verifyPanelElement[3](/html/body/div[1]/div/div[2]/div[2]/div[1]/div/ul[3]/li[5]/span/a, XPATH, //*[@id=&quot;kibana-body&quot;]/div/div[3]/div/div[3]/div/div/div[2]/div/div[1]/div[1]/h3, XPATH, Alerting Option)" classname="Tests" time="2.165"/>
  <testcase name="verifyPanelElement[4](/html/body/div[1]/div/div[2]/div[2]/div[1]/div/ul[3]/li[6]/span/a, XPATH, /html/body/div[1]/div/div[2]/div[1]/nav/a, XPATH, DevTools Option)" classname="Tests" time="2.414"/>
  <testcase name="verifyPanelElement[5](/html/body/div[1]/div/div[2]/div[2]/div[1]/div/ul[3]/li[7]/span/a, XPATH, /html/body/div[1]/div/div[2]/div[1]/nav/a, XPATH, Management Option)" classname="Tests" time="0.126"/>
  <testcase name="verifyPanelElement[6](/html/body/div[1]/div/div[2]/div[2]/div[1]/div/ul[3]/li[8]/span/a, XPATH, opendistro_security.link.securityconfig, ID, Security Option)" classname="Tests" time="3.63"/>
  <testcase name="verifyPanelElement[7](/html/body/div[1]/div/div[2]/div[2]/div[1]/div/ul[3]/li[9]/span/a, XPATH, opendistro_security.button.show_dashboard.private, ID, Tenants Option)" classname="Tests" time="2.045"/>
  <system-out><![CDATA[]]></system-out>
  <system-err><![CDATA[JavaScript warning: http://localhost:5601/bundles/commons.bundle.js, line 49: unreachable code after return statement
JavaScript warning: http://localhost:5601/bundles/commons.bundle.js, line 49: unreachable code after return statement
1581326194752	Marionette	WARN	TimedPromise timed out after 500 ms: stacktrace:
bail@chrome://marionette/content/sync.js:237:64
JavaScript warning: http://localhost:5601/bundles/commons.bundle.js, line 49: unreachable code after return statement
JavaScript warning: http://localhost:5601/bundles/opendistro_index_management_kibana.bundle.js, line 20: unreachable code after return statement
JavaScript warning: http://localhost:5601/bundles/commons.bundle.js, line 49: unreachable code after return statement
]]></system-err>
</testsuite>
